<?xml version="1.0" encoding="UTF-8"?>
<!-- Generated by org.testng.reporters.JUnitReportReporter -->
<testsuite hostname="SANTOSH" failures="0" tests="1" name="testrunners.loginpage" time="4.051" errors="0" timestamp="2023-12-15T12:01:19 IST" skipped="0">
  <testcase classname="testrunners.loginpage" name="runScenario" time="4.051"/>
</testsuite> <!-- testrunners.loginpage -->
